<?xml version="1.0" encoding="UTF-8"?>
<!-- Generated by org.testng.reporters.JUnitXMLReporter -->
<testsuite ignored="4" hostname="LAPTOP-H7LSMR7L" failures="0" tests="1" name="Default test" time="33.466" errors="0" timestamp="2024-02-22T14:06:35 IST">
  <testcase classname="com.automationexercise.test.VerifyPrDisplayedInCartWithExactQuantity" name="PlaceOrderRegWhileCheckout" time="16.947"/>
  <testcase classname="com.automationexercise.test.VerifyPrDisplayedInCartWithExactQuantity" name="LoginBeforeCheckout" time="0.0">
    <ignored/>
  </testcase> <!-- LoginBeforeCheckout -->
  <testcase classname="com.automationexercise.test.VerifyPrDisplayedInCartWithExactQuantity" name="RegisterBeforeCheckOut" time="0.0">
    <ignored/>
  </testcase> <!-- RegisterBeforeCheckOut -->
  <testcase classname="com.automationexercise.test.VerifyPrDisplayedInCartWithExactQuantity" name="VerifyprDisplayedWithExactQuantityInCart" time="0.0">
    <ignored/>
  </testcase> <!-- VerifyprDisplayedWithExactQuantityInCart -->
  <testcase classname="com.automationexercise.test.VerifyPrDisplayedInCartWithExactQuantity" name="RemoveProductsFromCart" time="0.0">
    <ignored/>
  </testcase> <!-- RemoveProductsFromCart -->
</testsuite> <!-- Default test -->
