<?xml version="1.0" encoding="UTF-8"?>
<!-- Generated by org.testng.reporters.JUnitXMLReporter -->
<testsuite ignored="1" hostname="LAPTOP-H7LSMR7L" failures="0" tests="1" name="Default test" time="15.794" errors="0" timestamp="2024-02-26T15:07:37 IST">
  <testcase classname="com.automationexercise.test.LoginTest" name="IvLogin" time="1.131"/>
  <testcase classname="com.automationexercise.test.LoginTest" name="VLogin" time="0.0">
    <ignored/>
  </testcase> <!-- VLogin -->
</testsuite> <!-- Default test -->
