<?xml version="1.0" encoding="UTF-8"?>
<testng-results ignored="0" total="1" passed="1" failed="0" skipped="0">
  <reporter-output>
  </reporter-output>
  <suite started-at="2024-03-21T22:54:21 IST" name="Default suite" finished-at="2024-03-21T22:55:17 IST" duration-ms="56043">
    <groups>
    </groups>
    <test started-at="2024-03-21T22:54:21 IST" name="Default test" finished-at="2024-03-21T22:55:17 IST" duration-ms="56043">
      <class name="com.automationexercise.test.DownloadInvoiceAfterPurchase">
        <test-method is-config="true" signature="setUp()[pri:0, instance:com.automationexercise.test.DownloadInvoiceAfterPurchase@f0da945]" started-at="2024-03-21T22:54:21 IST" name="setUp" finished-at="2024-03-21T22:54:57 IST" duration-ms="35820" status="PASS">
          <reporter-output>
          </reporter-output>
        </test-method> <!-- setUp -->
        <test-method signature="downloadInvoiceAfterPurchaseOrder()[pri:0, instance:com.automationexercise.test.DownloadInvoiceAfterPurchase@f0da945]" started-at="2024-03-21T22:54:57 IST" name="downloadInvoiceAfterPurchaseOrder" finished-at="2024-03-21T22:55:17 IST" duration-ms="20197" status="PASS">
          <reporter-output>
          </reporter-output>
        </test-method> <!-- downloadInvoiceAfterPurchaseOrder -->
      </class> <!-- com.automationexercise.test.DownloadInvoiceAfterPurchase -->
    </test> <!-- Default test -->
  </suite> <!-- Default suite -->
</testng-results>
